mode: set
oops/main/internal/PlacementRegistrar.go:36.68,38.33 2 1
oops/main/internal/PlacementRegistrar.go:38.33,39.32 1 1
oops/main/internal/PlacementRegistrar.go:39.32,44.4 4 1
oops/main/internal/PlacementRegistrar.go:46.2,46.22 1 1
oops/main/internal/PlacementRegistrar.go:49.74,51.34 2 1
oops/main/internal/PlacementRegistrar.go:51.34,54.36 3 1
oops/main/internal/PlacementRegistrar.go:54.36,55.41 1 1
oops/main/internal/PlacementRegistrar.go:55.41,57.5 1 1
oops/main/internal/PlacementRegistrar.go:59.3,59.37 1 1
oops/main/internal/PlacementRegistrar.go:59.37,60.58 1 1
oops/main/internal/PlacementRegistrar.go:60.58,62.5 1 1
oops/main/internal/PlacementRegistrar.go:64.3,64.36 1 1
oops/main/internal/PlacementRegistrar.go:64.36,66.37 2 1
oops/main/internal/PlacementRegistrar.go:66.37,67.36 1 1
oops/main/internal/PlacementRegistrar.go:67.36,70.11 3 1
oops/main/internal/PlacementRegistrar.go:73.9,76.4 2 1
oops/main/internal/PlacementRegistrar.go:79.3,79.54 1 1
oops/main/internal/PlacementRegistrar.go:81.2,81.25 1 1
oops/main/internal/PlacementRegistrar.go:84.71,89.36 5 1
oops/main/internal/PlacementRegistrar.go:89.36,90.29 1 1
oops/main/internal/PlacementRegistrar.go:90.29,92.4 1 1
oops/main/internal/PlacementRegistrar.go:94.2,95.35 2 1
oops/main/internal/PlacementRegistrar.go:95.35,97.13 2 1
oops/main/internal/PlacementRegistrar.go:98.12,99.30 1 1
oops/main/internal/PlacementRegistrar.go:100.14,101.32 1 1
oops/main/internal/PlacementRegistrar.go:102.19,103.37 1 0
oops/main/internal/PlacementRegistrar.go:104.16,105.34 1 0
oops/main/internal/PlacementRegistrar.go:108.2,109.15 2 1
oops/main/internal/PlacementRegistrar.go:112.51,114.33 2 1
oops/main/internal/PlacementRegistrar.go:114.33,116.3 1 1
oops/main/internal/PlacementRegistrar.go:117.2,117.18 1 1
oops/main/internal/PlacementRegistrar.go:120.60,122.2 1 1
oops/main/internal/PlacementRegistrar.go:124.72,125.30 1 1
oops/main/internal/PlacementRegistrar.go:125.30,126.31 1 1
oops/main/internal/PlacementRegistrar.go:126.31,128.4 1 1
oops/main/internal/PlacementRegistrar.go:130.2,130.63 1 1
oops/main/internal/PlacementRegistrar.go:133.76,134.27 1 1
oops/main/internal/PlacementRegistrar.go:134.27,136.3 1 1
oops/main/internal/PlacementRegistrar.go:138.2,138.30 1 1
oops/main/internal/PlacementRegistrar.go:138.30,139.46 1 1
oops/main/internal/PlacementRegistrar.go:139.46,142.4 2 1
oops/main/internal/PlacementRegistrar.go:145.2,145.80 1 1
oops/main/internal/PlacementRegistrar.go:148.84,149.30 1 1
oops/main/internal/PlacementRegistrar.go:149.30,150.38 1 1
oops/main/internal/PlacementRegistrar.go:150.38,154.4 2 1
oops/main/internal/PlacementRegistrar.go:156.2,156.62 1 1
oops/main/internal/PlacementRegistrar.go:159.80,160.31 1 1
oops/main/internal/PlacementRegistrar.go:160.31,161.41 1 1
oops/main/internal/PlacementRegistrar.go:161.41,163.4 1 1
oops/main/internal/PlacementRegistrar.go:165.2,165.69 1 1
oops/main/internal/PlacementRegistrar.go:168.69,169.30 1 1
oops/main/internal/PlacementRegistrar.go:169.30,170.33 1 1
oops/main/internal/PlacementRegistrar.go:170.33,172.4 1 1
oops/main/internal/PlacementRegistrar.go:174.2,174.60 1 1
oops/main/internal/PlacementRegistrar.go:177.81,179.16 2 1
oops/main/internal/PlacementRegistrar.go:179.16,181.3 1 1
oops/main/internal/PlacementRegistrar.go:183.2,183.34 1 1
oops/main/internal/PlacementRegistrar.go:183.34,184.42 1 1
oops/main/internal/PlacementRegistrar.go:184.42,187.4 2 1
oops/main/internal/PlacementRegistrar.go:189.2,189.96 1 1
oops/main/internal/PlacementRegistrar.go:192.86,194.16 2 1
oops/main/internal/PlacementRegistrar.go:194.16,196.3 1 1
oops/main/internal/PlacementRegistrar.go:197.2,198.16 2 1
oops/main/internal/PlacementRegistrar.go:198.16,200.3 1 1
oops/main/internal/PlacementRegistrar.go:202.2,202.33 1 1
oops/main/internal/PlacementRegistrar.go:202.33,204.3 1 1
oops/main/internal/PlacementRegistrar.go:206.2,206.52 1 1
oops/main/internal/PlacementRegistrar.go:206.52,208.3 1 1
oops/main/internal/PlacementRegistrar.go:210.2,220.31 4 1
oops/main/internal/PlacementRegistrar.go:220.31,221.41 1 1
oops/main/internal/PlacementRegistrar.go:221.41,223.9 2 1
oops/main/internal/PlacementRegistrar.go:226.2,226.12 1 1
oops/main/internal/PlacementRegistrar.go:229.115,230.33 1 1
oops/main/internal/PlacementRegistrar.go:230.33,232.61 2 1
oops/main/internal/PlacementRegistrar.go:232.61,235.4 2 1
oops/main/internal/PlacementRegistrar.go:237.2,237.108 1 1
oops/main/internal/academicRecord.go:10.55,15.2 1 1
oops/main/internal/academicRecord.go:17.78,18.35 1 1
oops/main/internal/academicRecord.go:18.35,20.3 1 1
oops/main/internal/academicRecord.go:21.2,22.20 2 1
oops/main/internal/academicRecord.go:25.43,27.41 2 1
oops/main/internal/academicRecord.go:27.41,28.50 1 1
oops/main/internal/academicRecord.go:28.50,33.4 4 1
oops/main/internal/academicRecord.go:35.2,35.22 1 1
oops/main/internal/academicRecord.go:35.22,37.3 1 1
oops/main/internal/analytics1.go:13.100,17.16 3 1
oops/main/internal/analytics1.go:17.16,19.3 1 1
oops/main/internal/analytics1.go:20.2,20.62 1 1
oops/main/internal/analytics1.go:20.62,22.3 1 0
oops/main/internal/analytics1.go:25.2,31.16 4 1
oops/main/internal/analytics1.go:31.16,33.3 1 0
oops/main/internal/analytics1.go:34.2,34.59 1 1
oops/main/internal/analytics1.go:34.59,36.3 1 0
oops/main/internal/analytics1.go:39.2,40.31 2 1
oops/main/internal/analytics1.go:40.31,42.3 1 1
oops/main/internal/analytics1.go:45.2,46.35 2 1
oops/main/internal/analytics1.go:46.35,47.50 1 1
oops/main/internal/analytics1.go:47.50,49.4 1 1
oops/main/internal/analytics1.go:50.3,50.51 1 1
oops/main/internal/analytics1.go:54.2,54.33 1 1
oops/main/internal/analytics1.go:54.33,57.3 1 1
oops/main/internal/analytics1.go:60.2,61.33 2 1
oops/main/internal/analytics1.go:61.33,64.3 2 1
oops/main/internal/analytics1.go:66.2,66.18 1 1
oops/main/internal/analytics1.go:68.39,69.9 1 1
oops/main/internal/analytics1.go:70.17,71.14 1 1
oops/main/internal/analytics1.go:72.17,73.19 1 1
oops/main/internal/analytics1.go:74.17,75.19 1 1
oops/main/internal/analytics1.go:76.17,77.19 1 1
oops/main/internal/analytics1.go:78.17,79.19 1 1
oops/main/internal/analytics1.go:80.17,81.19 1 1
oops/main/internal/analytics1.go:82.10,83.18 1 1
oops/main/internal/analytics1.go:86.74,99.31 11 1
oops/main/internal/analytics1.go:99.31,101.3 1 1
oops/main/internal/analytics1.go:104.2,105.16 2 1
oops/main/internal/analytics1.go:105.16,107.3 1 0
oops/main/internal/analytics1.go:108.2,115.27 6 1
oops/main/internal/analytics1.go:115.27,116.12 1 1
oops/main/internal/analytics1.go:116.12,121.18 2 1
oops/main/internal/analytics1.go:121.18,123.5 1 0
oops/main/internal/analytics1.go:124.4,124.14 1 1
oops/main/internal/analytics1.go:128.2,129.16 2 1
oops/main/internal/analytics1.go:129.16,131.3 1 0
oops/main/internal/analytics1.go:132.2,133.16 2 1
oops/main/internal/analytics1.go:133.16,135.3 1 0
oops/main/internal/analytics1.go:137.2,137.48 1 1
oops/main/internal/analytics2.go:15.84,16.100 1 1
oops/main/internal/analytics2.go:16.100,18.3 1 1
oops/main/internal/analytics2.go:22.82,23.100 1 1
oops/main/internal/analytics2.go:23.100,25.3 1 1
oops/main/internal/analytics2.go:29.128,33.16 3 1
oops/main/internal/analytics2.go:33.16,35.3 1 1
oops/main/internal/analytics2.go:36.2,36.62 1 1
oops/main/internal/analytics2.go:36.62,38.3 1 0
oops/main/internal/analytics2.go:41.2,47.16 4 1
oops/main/internal/analytics2.go:47.16,49.3 1 0
oops/main/internal/analytics2.go:50.2,50.59 1 1
oops/main/internal/analytics2.go:50.59,52.3 1 0
oops/main/internal/analytics2.go:53.2,54.31 2 1
oops/main/internal/analytics2.go:54.31,56.3 1 1
oops/main/internal/analytics2.go:59.2,75.35 4 1
oops/main/internal/analytics2.go:75.35,77.10 2 1
oops/main/internal/analytics2.go:77.10,78.12 1 0
oops/main/internal/analytics2.go:80.3,80.51 1 1
oops/main/internal/analytics2.go:80.51,82.4 1 1
oops/main/internal/analytics2.go:83.3,84.52 2 1
oops/main/internal/analytics2.go:88.2,93.33 3 1
oops/main/internal/analytics2.go:93.33,94.29 1 1
oops/main/internal/analytics2.go:94.29,95.12 1 0
oops/main/internal/analytics2.go:97.3,98.18 2 1
oops/main/internal/analytics2.go:98.18,103.4 1 1
oops/main/internal/analytics2.go:107.2,107.43 1 1
oops/main/internal/analytics2.go:107.43,109.3 1 0
oops/main/internal/analytics2.go:112.2,125.29 13 1
oops/main/internal/analytics2.go:125.29,128.3 2 1
oops/main/internal/analytics2.go:130.2,130.24 1 1
oops/main/internal/analytics2.go:130.24,132.3 1 1
oops/main/internal/analytics2.go:134.2,135.16 2 1
oops/main/internal/analytics2.go:135.16,137.3 1 0
oops/main/internal/analytics2.go:138.2,146.29 7 1
oops/main/internal/analytics2.go:146.29,148.3 1 1
oops/main/internal/analytics2.go:149.2,152.16 3 1
oops/main/internal/analytics2.go:152.16,154.3 1 0
oops/main/internal/analytics2.go:155.2,155.59 1 1
oops/main/internal/analytics2.go:155.59,157.3 1 0
oops/main/internal/analytics2.go:159.2,159.50 1 1
oops/main/internal/analytics3.go:22.45,23.9 1 1
oops/main/internal/analytics3.go:24.24,25.19 1 1
oops/main/internal/analytics3.go:26.24,27.23 1 1
oops/main/internal/analytics3.go:28.10,29.17 1 1
oops/main/internal/analytics3.go:33.60,35.16 2 1
oops/main/internal/analytics3.go:35.16,37.3 1 1
oops/main/internal/analytics3.go:39.2,40.55 2 1
oops/main/internal/analytics3.go:40.55,42.3 1 0
oops/main/internal/analytics3.go:43.2,43.20 1 1
oops/main/internal/analytics3.go:46.76,52.31 2 1
oops/main/internal/analytics3.go:52.31,55.3 2 1
oops/main/internal/analytics3.go:56.2,56.15 1 1
oops/main/internal/analytics3.go:59.100,61.16 2 1
oops/main/internal/analytics3.go:61.16,63.3 1 0
oops/main/internal/analytics3.go:64.2,64.43 1 1
oops/main/internal/analytics3.go:67.66,78.16 4 1
oops/main/internal/analytics3.go:78.16,80.3 1 0
oops/main/internal/analytics3.go:81.2,81.59 1 1
oops/main/internal/analytics3.go:81.59,83.3 1 0
oops/main/internal/analytics3.go:86.2,93.39 4 1
oops/main/internal/analytics3.go:93.39,94.32 1 1
oops/main/internal/analytics3.go:94.32,95.53 1 1
oops/main/internal/analytics3.go:95.53,100.5 1 1
oops/main/internal/analytics3.go:101.4,101.68 1 1
oops/main/internal/analytics3.go:106.2,107.33 2 1
oops/main/internal/analytics3.go:107.33,109.3 1 1
oops/main/internal/analytics3.go:110.2,133.33 14 1
oops/main/internal/analytics3.go:133.33,135.37 2 1
oops/main/internal/analytics3.go:135.37,137.4 1 1
oops/main/internal/analytics3.go:138.3,139.17 2 1
oops/main/internal/analytics3.go:139.17,141.4 1 0
oops/main/internal/analytics3.go:142.3,146.21 5 1
oops/main/internal/analytics3.go:150.2,158.50 6 1
oops/main/internal/analytics3.go:161.83,172.16 4 1
oops/main/internal/analytics3.go:172.16,174.3 1 0
oops/main/internal/analytics3.go:175.2,175.54 1 1
oops/main/internal/analytics3.go:175.54,177.3 1 0
oops/main/internal/analytics3.go:180.2,185.31 3 1
oops/main/internal/analytics3.go:185.31,190.3 4 1
oops/main/internal/analytics3.go:193.2,194.26 2 1
oops/main/internal/analytics3.go:194.26,196.3 1 1
oops/main/internal/analytics3.go:197.2,203.33 5 1
oops/main/internal/analytics3.go:203.33,212.3 5 1
oops/main/internal/analytics3.go:215.2,221.16 6 1
oops/main/internal/analytics3.go:221.16,223.3 1 0
oops/main/internal/analytics3.go:224.2,238.27 11 1
oops/main/internal/analytics3.go:238.27,241.3 2 1
oops/main/internal/analytics3.go:242.2,243.16 2 1
oops/main/internal/analytics3.go:243.16,245.3 1 0
oops/main/internal/analytics3.go:246.2,260.67 12 1
oops/main/internal/analytics3.go:260.67,262.3 1 0
oops/main/internal/analytics3.go:265.2,266.16 2 1
oops/main/internal/analytics3.go:266.16,268.3 1 0
oops/main/internal/analytics3.go:269.2,269.50 1 1
oops/main/internal/applicant.go:15.61,17.2 1 1
oops/main/internal/applicant.go:19.92,22.39 3 1
oops/main/internal/applicant.go:22.39,23.38 1 1
oops/main/internal/applicant.go:23.38,24.64 1 1
oops/main/internal/applicant.go:24.64,27.5 2 1
oops/main/internal/applicant.go:30.2,30.21 1 1
oops/main/internal/applicant.go:33.50,35.21 2 1
oops/main/internal/applicant.go:35.21,37.3 1 1
oops/main/internal/applicant.go:37.8,39.3 1 1
oops/main/internal/applicant.go:42.49,44.2 1 1
oops/main/internal/applicant.go:46.55,48.2 1 1
oops/main/internal/applicant.go:50.58,52.2 1 1
oops/main/internal/applicant.go:54.74,57.38 2 1
oops/main/internal/applicant.go:57.38,58.47 1 1
oops/main/internal/applicant.go:58.47,59.41 1 1
oops/main/internal/applicant.go:59.41,60.42 1 1
oops/main/internal/applicant.go:60.42,61.33 1 1
oops/main/internal/applicant.go:61.33,63.7 1 1
oops/main/internal/applicant.go:68.2,69.31 2 1
oops/main/internal/applicant.go:69.31,71.3 1 1
oops/main/internal/applicant.go:72.2,72.18 1 1
oops/main/internal/applicant.go:75.82,77.2 1 1
oops/main/internal/application.go:20.34,22.2 1 1
oops/main/internal/application.go:24.52,26.2 1 1
oops/main/internal/attendance.go:11.75,12.31 1 1
oops/main/internal/attendance.go:12.31,14.3 1 1
oops/main/internal/attendance.go:15.2,15.36 1 1
oops/main/internal/attendance.go:19.116,20.26 1 1
oops/main/internal/attendance.go:20.26,22.93 2 1
oops/main/internal/attendance.go:22.93,25.4 2 1
oops/main/internal/company.go:11.39,14.2 1 1
oops/main/internal/company.go:16.28,18.2 1 1
oops/main/internal/company.go:20.33,22.2 1 1
oops/main/internal/company.go:24.37,26.2 1 1
oops/main/internal/company.go:28.42,30.2 1 1
oops/main/internal/course.go:13.69,16.2 1 0
oops/main/internal/course.go:18.44,20.2 1 1
oops/main/internal/courseResult.go:12.139,21.2 1 0
oops/main/internal/docupload.go:16.9,17.54 1 1
oops/main/internal/docupload.go:17.54,20.40 1 1
oops/main/internal/docupload.go:20.40,41.4 5 1
oops/main/internal/docupload.go:44.2,44.86 1 0
oops/main/internal/drive.go:30.39,32.2 1 1
oops/main/internal/drive.go:57.54,59.2 1 1
oops/main/internal/drive.go:61.133,63.2 1 1
oops/main/internal/drive.go:66.46,68.2 1 1
oops/main/internal/drive.go:70.58,72.2 1 1
oops/main/internal/drive.go:74.68,76.2 1 1
oops/main/internal/drive.go:80.26,82.2 1 1
oops/main/internal/drive.go:84.39,86.2 1 1
oops/main/internal/drive.go:88.37,90.2 1 1
oops/main/internal/drive.go:92.35,94.2 1 1
oops/main/internal/drive.go:96.44,98.2 1 1
oops/main/internal/drive.go:100.27,102.2 1 1
oops/main/internal/drive.go:104.43,106.2 1 1
oops/main/internal/drive.go:108.47,110.2 1 1
oops/main/internal/drive.go:114.52,116.2 1 1
oops/main/internal/drive.go:118.48,120.2 1 1
oops/main/internal/drive.go:122.47,124.2 1 1
oops/main/internal/drive.go:126.53,128.2 1 1
oops/main/internal/drive.go:130.34,132.2 1 1
oops/main/internal/drive.go:134.53,136.2 1 1
oops/main/internal/drive.go:138.62,139.23 1 1
oops/main/internal/drive.go:139.23,141.3 1 1
oops/main/internal/drive.go:146.49,147.36 1 1
oops/main/internal/drive.go:147.36,148.34 1 1
oops/main/internal/drive.go:148.34,150.4 1 1
oops/main/internal/drive.go:152.2,152.14 1 1
oops/main/internal/drive.go:155.67,156.36 1 1
oops/main/internal/drive.go:156.36,157.19 1 1
oops/main/internal/drive.go:157.19,159.4 1 1
oops/main/internal/drive.go:161.2,161.60 1 1
oops/main/internal/drive.go:164.59,166.40 2 1
oops/main/internal/drive.go:166.40,167.31 1 1
oops/main/internal/drive.go:167.31,169.4 1 1
oops/main/internal/drive.go:171.2,171.12 1 1
oops/main/internal/drive.go:174.62,176.40 2 1
oops/main/internal/drive.go:176.40,177.34 1 1
oops/main/internal/drive.go:177.34,179.4 1 1
oops/main/internal/drive.go:181.2,181.12 1 1
oops/main/internal/drive.go:185.68,186.38 1 1
oops/main/internal/drive.go:186.38,188.3 1 1
oops/main/internal/drive.go:188.8,190.3 1 1
oops/main/internal/enroll.go:25.106,36.2 1 1
oops/main/internal/enroll.go:38.72,40.2 1 1
oops/main/internal/enroll.go:42.78,44.2 1 0
oops/main/internal/enroll.go:50.37,53.2 2 0
oops/main/internal/gpa.go:18.40,20.2 1 1
oops/main/internal/gpa.go:22.78,23.25 1 0
oops/main/internal/gpa.go:23.25,25.3 1 0
oops/main/internal/gpa.go:27.2,28.37 2 0
oops/main/internal/gpa.go:28.37,30.3 1 0
oops/main/internal/gpa.go:31.2,31.40 1 0
oops/main/internal/gpa.go:34.69,35.23 1 1
oops/main/internal/gpa.go:35.23,37.3 1 0
oops/main/internal/gpa.go:37.8,37.29 1 1
oops/main/internal/gpa.go:37.29,39.3 1 0
oops/main/internal/gpa.go:40.2,40.17 1 1
oops/main/internal/grader.go:11.61,13.2 1 1
oops/main/internal/grader.go:19.61,20.27 1 1
oops/main/internal/grader.go:20.27,22.3 1 1
oops/main/internal/grader.go:22.8,24.3 1 1
oops/main/internal/grader.go:29.57,30.9 1 1
oops/main/internal/grader.go:31.22,32.18 1 1
oops/main/internal/grader.go:33.22,34.18 1 0
oops/main/internal/grader.go:35.22,36.18 1 0
oops/main/internal/grader.go:37.22,38.18 1 0
oops/main/internal/grader.go:39.10,40.18 1 0
oops/main/internal/idGenerator.go:3.25,5.20 2 1
oops/main/internal/idGenerator.go:5.20,8.3 2 1
oops/main/internal/registrar.go:22.32,24.2 1 0
oops/main/internal/registrar.go:38.68,40.2 1 1
oops/main/internal/registrar.go:42.48,43.37 1 0
oops/main/internal/registrar.go:43.37,45.35 2 0
oops/main/internal/registrar.go:45.35,47.4 1 0
oops/main/internal/registrar.go:51.47,53.2 1 1
oops/main/internal/registrar.go:55.68,57.2 1 1
oops/main/internal/registrar.go:59.43,61.2 1 0
oops/main/internal/registrar.go:63.41,65.2 1 0
oops/main/internal/registrar.go:67.42,69.2 1 0
oops/main/internal/registrar.go:71.48,73.2 1 1
oops/main/internal/registrar.go:75.55,76.34 1 0
oops/main/internal/registrar.go:76.34,77.30 1 0
oops/main/internal/registrar.go:77.30,79.4 1 0
oops/main/internal/registrar.go:83.48,85.2 1 0
oops/main/internal/registrar.go:98.39,101.16 3 0
oops/main/internal/registrar.go:101.16,103.3 1 0
oops/main/internal/registrar.go:104.2,105.16 2 0
oops/main/internal/registrar.go:105.16,107.3 1 0
oops/main/internal/registrar.go:108.2,108.37 1 0
oops/main/internal/registrar.go:108.37,110.3 1 0
oops/main/internal/registrar.go:113.36,116.16 3 0
oops/main/internal/registrar.go:116.16,118.3 1 0
oops/main/internal/registrar.go:120.2,121.16 2 0
oops/main/internal/registrar.go:121.16,123.3 1 0
oops/main/internal/registrar.go:124.2,125.30 2 0
oops/main/internal/registrar.go:125.30,128.3 2 0
oops/main/internal/registrar.go:131.39,132.32 1 0
oops/main/internal/registrar.go:132.32,134.3 1 0
oops/main/internal/registrar.go:137.38,139.31 2 0
oops/main/internal/registrar.go:139.31,141.3 1 0
oops/main/internal/semesterResult.go:31.42,33.2 1 1
oops/main/internal/semesterResult.go:42.65,48.2 1 1
oops/main/internal/semesterResult.go:50.54,51.22 1 0
oops/main/internal/semesterResult.go:51.22,54.3 2 0
oops/main/internal/semesterResult.go:56.2,56.60 1 0
oops/main/internal/semesterResult.go:59.64,62.2 2 1
oops/main/internal/semesterResult.go:64.43,67.36 2 1
oops/main/internal/semesterResult.go:67.36,71.3 3 1
oops/main/internal/semesterResult.go:73.2,73.22 1 1
oops/main/internal/semesterResult.go:73.22,75.3 1 1
oops/main/internal/semesterResult.go:78.73,89.2 2 1
oops/main/internal/semesterResult.go:90.60,93.56 2 1
oops/main/internal/semesterResult.go:93.56,95.3 1 0
oops/main/internal/semesterResult.go:97.2,97.18 1 1
oops/main/internal/semesterResult.go:98.11,99.9 1 0
oops/main/internal/semesterResult.go:100.12,101.13 1 1
oops/main/internal/semesterResult.go:102.11,103.9 1 1
oops/main/internal/semesterResult.go:104.12,105.13 1 1
oops/main/internal/semesterResult.go:106.11,107.9 1 0
oops/main/internal/semesterResult.go:108.11,109.9 1 1
oops/main/internal/semesterResult.go:110.11,111.9 1 1
oops/main/internal/semesterResult.go:112.10,113.58 1 0
oops/main/internal/semesterResult.go:116.2,116.12 1 1
oops/main/internal/student.go:12.46,13.13 1 1
oops/main/internal/student.go:13.13,14.39 1 1
oops/main/internal/student.go:16.2,16.36 1 1
oops/main/internal/student.go:19.32,19.49 1 1
oops/main/internal/student.go:20.32,20.47 1 1
oops/main/internal/student.go:22.28,24.2 1 1
oops/main/internal/student_placement_service.go:17.88,23.2 1 0
oops/main/internal/student_placement_service.go:41.66,43.57 2 1
oops/main/internal/student_placement_service.go:43.57,44.40 1 1
oops/main/internal/student_placement_service.go:44.40,46.43 2 1
oops/main/internal/student_placement_service.go:46.43,48.10 2 1
oops/main/internal/student_placement_service.go:52.2,53.38 2 1
oops/main/internal/student_placement_service.go:53.38,55.3 1 1
oops/main/internal/student_placement_service.go:56.2,56.18 1 1
oops/main/internal/student_placement_service.go:59.66,63.2 2 1
oops/main/internal/student_placement_service.go:66.85,68.2 1 1
oops/main/internal/student_placement_service.go:71.49,74.2 2 1
oops/main/internal/student_placement_service.go:77.52,79.2 1 1
oops/main/internal/student_placement_service.go:82.63,84.33 2 1
oops/main/internal/student_placement_service.go:84.33,85.17 1 0
oops/main/internal/student_placement_service.go:85.17,87.4 1 0
oops/main/internal/student_placement_service.go:107.48,109.2 1 1
oops/main/internal/student_placement_service.go:112.53,114.2 1 1
oops/main/internal/student_placement_service.go:121.49,123.2 1 1
oops/main/internal/student_placement_service.go:125.56,127.2 1 1
oops/main/internal/student_service.go:11.74,12.29 1 1
oops/main/internal/student_service.go:12.29,13.19 1 1
oops/main/internal/student_service.go:13.19,16.4 2 1
oops/main/internal/student_service.go:18.2,18.40 1 1
oops/main/internal/student_service.go:22.59,23.29 1 1
oops/main/internal/student_service.go:23.29,24.19 1 1
oops/main/internal/student_service.go:24.19,26.4 1 1
oops/main/internal/student_service.go:28.2,28.12 1 1
oops/main/internal/student_service.go:32.68,34.29 2 1
oops/main/internal/student_service.go:34.29,35.23 1 1
oops/main/internal/student_service.go:35.23,37.4 1 1
oops/main/internal/student_service.go:39.2,39.15 1 1
oops/main/internal/student_service.go:43.71,44.29 1 1
oops/main/internal/student_service.go:44.29,45.19 1 1
oops/main/internal/student_service.go:45.19,47.4 1 1
oops/main/internal/student_service.go:49.2,49.50 1 1
oops/main/internal/student_service.go:53.67,56.16 2 1
oops/main/internal/student_service.go:56.16,58.3 1 1
oops/main/internal/student_service.go:59.2,64.16 4 1
oops/main/internal/student_service.go:64.16,66.3 1 0
oops/main/internal/student_service.go:67.2,67.12 1 1
oops/main/internal/student_service.go:71.58,75.2 3 1
oops/main/internal/teacher.go:11.31,13.2 1 1
oops/main/internal/teacher.go:16.42,21.2 1 1
oops/main/internal/teacher_services.go:14.74,15.40 1 1
oops/main/internal/teacher_services.go:15.40,18.40 1 1
oops/main/internal/teacher_services.go:18.40,20.48 2 1
oops/main/internal/teacher_services.go:20.48,22.5 1 1
oops/main/internal/teacher_services.go:23.4,23.10 1 1
oops/main/internal/teacher_services.go:26.2,26.45 1 1
oops/main/internal/teacher_services.go:29.95,30.40 1 1
oops/main/internal/teacher_services.go:30.40,31.100 1 1
oops/main/internal/teacher_services.go:31.100,34.18 3 1
oops/main/internal/teacher_services.go:34.18,36.5 1 0
oops/main/internal/teacher_services.go:37.4,38.14 2 1
oops/main/internal/teacher_services.go:41.2,41.86 1 0
oops/main/internal/teacher_services.go:44.77,46.57 2 1
oops/main/internal/teacher_services.go:46.57,48.3 1 0
oops/main/internal/teacher_services.go:50.2,51.29 2 1
oops/main/internal/teacher_services.go:51.29,53.17 2 1
oops/main/internal/teacher_services.go:53.17,55.4 1 0
oops/main/internal/teacher_services.go:58.2,58.19 1 1
oops/main/internal/teacher_services.go:58.19,60.3 1 0
oops/main/internal/teacher_services.go:61.2,61.12 1 1
oops/main/internal/teacher_services.go:64.83,66.40 2 1
oops/main/internal/teacher_services.go:66.40,67.69 1 1
oops/main/internal/teacher_services.go:67.69,77.4 2 1
oops/main/internal/teacher_services.go:79.2,79.23 1 1
oops/main/internal/teacher_services.go:79.23,81.3 1 0
oops/main/internal/teacher_services.go:82.2,82.21 1 1
