mode: set
oops/main/internal/PlacementRegistrar.go:36.68,38.33 2 0
oops/main/internal/PlacementRegistrar.go:38.33,39.32 1 0
oops/main/internal/PlacementRegistrar.go:39.32,44.4 4 0
oops/main/internal/PlacementRegistrar.go:46.2,46.22 1 0
oops/main/internal/PlacementRegistrar.go:49.74,51.34 2 0
oops/main/internal/PlacementRegistrar.go:51.34,54.36 3 0
oops/main/internal/PlacementRegistrar.go:54.36,55.41 1 0
oops/main/internal/PlacementRegistrar.go:55.41,57.5 1 0
oops/main/internal/PlacementRegistrar.go:59.3,59.37 1 0
oops/main/internal/PlacementRegistrar.go:59.37,60.58 1 0
oops/main/internal/PlacementRegistrar.go:60.58,62.5 1 0
oops/main/internal/PlacementRegistrar.go:64.3,66.54 3 0
oops/main/internal/PlacementRegistrar.go:68.2,68.25 1 0
oops/main/internal/PlacementRegistrar.go:71.71,76.36 5 0
oops/main/internal/PlacementRegistrar.go:76.36,77.29 1 0
oops/main/internal/PlacementRegistrar.go:77.29,79.4 1 0
oops/main/internal/PlacementRegistrar.go:81.2,82.35 2 0
oops/main/internal/PlacementRegistrar.go:82.35,84.13 2 0
oops/main/internal/PlacementRegistrar.go:85.12,86.30 1 0
oops/main/internal/PlacementRegistrar.go:87.14,88.32 1 0
oops/main/internal/PlacementRegistrar.go:89.19,90.37 1 0
oops/main/internal/PlacementRegistrar.go:91.16,92.34 1 0
oops/main/internal/PlacementRegistrar.go:95.2,96.15 2 0
oops/main/internal/PlacementRegistrar.go:99.51,101.33 2 0
oops/main/internal/PlacementRegistrar.go:101.33,103.3 1 0
oops/main/internal/PlacementRegistrar.go:104.2,104.18 1 0
oops/main/internal/PlacementRegistrar.go:107.60,109.2 1 0
oops/main/internal/PlacementRegistrar.go:111.72,112.30 1 0
oops/main/internal/PlacementRegistrar.go:112.30,113.31 1 0
oops/main/internal/PlacementRegistrar.go:113.31,115.4 1 0
oops/main/internal/PlacementRegistrar.go:117.2,117.63 1 0
oops/main/internal/PlacementRegistrar.go:120.76,121.30 1 0
oops/main/internal/PlacementRegistrar.go:121.30,122.46 1 0
oops/main/internal/PlacementRegistrar.go:122.46,125.4 2 0
oops/main/internal/PlacementRegistrar.go:127.2,127.72 1 0
oops/main/internal/PlacementRegistrar.go:130.84,131.30 1 0
oops/main/internal/PlacementRegistrar.go:131.30,132.38 1 0
oops/main/internal/PlacementRegistrar.go:132.38,136.4 2 0
oops/main/internal/PlacementRegistrar.go:138.2,138.62 1 0
oops/main/internal/PlacementRegistrar.go:141.80,142.31 1 0
oops/main/internal/PlacementRegistrar.go:142.31,143.41 1 0
oops/main/internal/PlacementRegistrar.go:143.41,145.4 1 0
oops/main/internal/PlacementRegistrar.go:147.2,147.69 1 0
oops/main/internal/PlacementRegistrar.go:150.69,151.30 1 0
oops/main/internal/PlacementRegistrar.go:151.30,152.33 1 0
oops/main/internal/PlacementRegistrar.go:152.33,154.4 1 0
oops/main/internal/PlacementRegistrar.go:156.2,156.63 1 0
oops/main/internal/PlacementRegistrar.go:159.81,161.16 2 0
oops/main/internal/PlacementRegistrar.go:161.16,163.3 1 0
oops/main/internal/PlacementRegistrar.go:165.2,165.34 1 0
oops/main/internal/PlacementRegistrar.go:165.34,166.42 1 0
oops/main/internal/PlacementRegistrar.go:166.42,169.4 2 0
oops/main/internal/PlacementRegistrar.go:171.2,171.96 1 0
oops/main/internal/PlacementRegistrar.go:174.86,176.16 2 0
oops/main/internal/PlacementRegistrar.go:176.16,178.3 1 0
oops/main/internal/PlacementRegistrar.go:179.2,180.16 2 0
oops/main/internal/PlacementRegistrar.go:180.16,182.3 1 0
oops/main/internal/PlacementRegistrar.go:184.2,184.33 1 0
oops/main/internal/PlacementRegistrar.go:184.33,186.3 1 0
oops/main/internal/PlacementRegistrar.go:188.2,188.52 1 0
oops/main/internal/PlacementRegistrar.go:188.52,190.3 1 0
oops/main/internal/PlacementRegistrar.go:192.2,202.31 4 0
oops/main/internal/PlacementRegistrar.go:202.31,203.41 1 0
oops/main/internal/PlacementRegistrar.go:203.41,205.9 2 0
oops/main/internal/PlacementRegistrar.go:208.2,208.12 1 0
oops/main/internal/PlacementRegistrar.go:211.115,212.33 1 0
oops/main/internal/PlacementRegistrar.go:212.33,214.61 2 0
oops/main/internal/PlacementRegistrar.go:214.61,217.4 2 0
oops/main/internal/PlacementRegistrar.go:219.2,219.108 1 0
oops/main/internal/academicRecord.go:10.55,15.2 1 1
oops/main/internal/academicRecord.go:17.78,18.35 1 1
oops/main/internal/academicRecord.go:18.35,20.3 1 1
oops/main/internal/academicRecord.go:21.2,22.20 2 1
oops/main/internal/academicRecord.go:25.43,27.41 2 1
oops/main/internal/academicRecord.go:27.41,28.50 1 1
oops/main/internal/academicRecord.go:28.50,33.4 4 1
oops/main/internal/academicRecord.go:35.2,35.22 1 1
oops/main/internal/academicRecord.go:35.22,37.3 1 1
oops/main/internal/analytics1.go:13.100,17.16 3 1
oops/main/internal/analytics1.go:17.16,19.3 1 1
oops/main/internal/analytics1.go:20.2,20.62 1 1
oops/main/internal/analytics1.go:20.62,22.3 1 0
oops/main/internal/analytics1.go:25.2,31.16 4 1
oops/main/internal/analytics1.go:31.16,33.3 1 0
oops/main/internal/analytics1.go:34.2,34.59 1 1
oops/main/internal/analytics1.go:34.59,36.3 1 0
oops/main/internal/analytics1.go:39.2,40.31 2 1
oops/main/internal/analytics1.go:40.31,42.3 1 1
oops/main/internal/analytics1.go:45.2,46.35 2 1
oops/main/internal/analytics1.go:46.35,47.50 1 1
oops/main/internal/analytics1.go:47.50,49.4 1 1
oops/main/internal/analytics1.go:50.3,50.51 1 1
oops/main/internal/analytics1.go:54.2,54.33 1 1
oops/main/internal/analytics1.go:54.33,57.3 1 1
oops/main/internal/analytics1.go:60.2,61.33 2 1
oops/main/internal/analytics1.go:61.33,64.3 2 1
oops/main/internal/analytics1.go:66.2,66.18 1 1
oops/main/internal/analytics1.go:68.39,69.9 1 1
oops/main/internal/analytics1.go:70.17,71.14 1 1
oops/main/internal/analytics1.go:72.17,73.19 1 1
oops/main/internal/analytics1.go:74.17,75.19 1 1
oops/main/internal/analytics1.go:76.17,77.19 1 1
oops/main/internal/analytics1.go:78.17,79.19 1 1
oops/main/internal/analytics1.go:80.17,81.19 1 1
oops/main/internal/analytics1.go:82.10,83.18 1 1
oops/main/internal/analytics1.go:86.74,99.31 11 1
oops/main/internal/analytics1.go:99.31,101.3 1 1
oops/main/internal/analytics1.go:104.2,105.16 2 1
oops/main/internal/analytics1.go:105.16,107.3 1 0
oops/main/internal/analytics1.go:108.2,115.27 6 1
oops/main/internal/analytics1.go:115.27,116.12 1 1
oops/main/internal/analytics1.go:116.12,121.18 2 1
oops/main/internal/analytics1.go:121.18,123.5 1 0
oops/main/internal/analytics1.go:124.4,124.14 1 1
oops/main/internal/analytics1.go:128.2,129.16 2 1
oops/main/internal/analytics1.go:129.16,131.3 1 0
oops/main/internal/analytics1.go:132.2,133.16 2 1
oops/main/internal/analytics1.go:133.16,135.3 1 0
oops/main/internal/analytics1.go:137.2,137.48 1 1
oops/main/internal/analytics2.go:15.84,16.100 1 1
oops/main/internal/analytics2.go:16.100,18.3 1 1
oops/main/internal/analytics2.go:22.82,23.100 1 1
oops/main/internal/analytics2.go:23.100,25.3 1 1
oops/main/internal/analytics2.go:29.128,33.16 3 1
oops/main/internal/analytics2.go:33.16,35.3 1 1
oops/main/internal/analytics2.go:36.2,36.62 1 1
oops/main/internal/analytics2.go:36.62,38.3 1 0
oops/main/internal/analytics2.go:41.2,47.16 4 1
oops/main/internal/analytics2.go:47.16,49.3 1 0
oops/main/internal/analytics2.go:50.2,50.59 1 1
oops/main/internal/analytics2.go:50.59,52.3 1 0
oops/main/internal/analytics2.go:53.2,54.31 2 1
oops/main/internal/analytics2.go:54.31,56.3 1 1
oops/main/internal/analytics2.go:59.2,75.35 4 1
oops/main/internal/analytics2.go:75.35,77.10 2 1
oops/main/internal/analytics2.go:77.10,78.12 1 0
oops/main/internal/analytics2.go:80.3,80.51 1 1
oops/main/internal/analytics2.go:80.51,82.4 1 1
oops/main/internal/analytics2.go:83.3,84.52 2 1
oops/main/internal/analytics2.go:88.2,93.33 3 1
oops/main/internal/analytics2.go:93.33,94.29 1 1
oops/main/internal/analytics2.go:94.29,95.12 1 0
oops/main/internal/analytics2.go:97.3,98.18 2 1
oops/main/internal/analytics2.go:98.18,103.4 1 1
oops/main/internal/analytics2.go:107.2,107.43 1 1
oops/main/internal/analytics2.go:107.43,109.3 1 0
oops/main/internal/analytics2.go:112.2,125.29 13 1
oops/main/internal/analytics2.go:125.29,128.3 2 1
oops/main/internal/analytics2.go:130.2,130.24 1 1
oops/main/internal/analytics2.go:130.24,132.3 1 1
oops/main/internal/analytics2.go:134.2,135.16 2 1
oops/main/internal/analytics2.go:135.16,137.3 1 0
oops/main/internal/analytics2.go:138.2,146.29 7 1
oops/main/internal/analytics2.go:146.29,148.3 1 1
oops/main/internal/analytics2.go:149.2,152.16 3 1
oops/main/internal/analytics2.go:152.16,154.3 1 0
oops/main/internal/analytics2.go:155.2,155.59 1 1
oops/main/internal/analytics2.go:155.59,157.3 1 0
oops/main/internal/analytics2.go:159.2,159.50 1 1
oops/main/internal/analytics3.go:22.45,23.9 1 1
oops/main/internal/analytics3.go:24.24,25.19 1 1
oops/main/internal/analytics3.go:26.24,27.23 1 1
oops/main/internal/analytics3.go:28.10,29.17 1 1
oops/main/internal/analytics3.go:33.60,35.16 2 1
oops/main/internal/analytics3.go:35.16,37.3 1 1
oops/main/internal/analytics3.go:39.2,40.55 2 1
oops/main/internal/analytics3.go:40.55,42.3 1 0
oops/main/internal/analytics3.go:43.2,43.20 1 1
oops/main/internal/analytics3.go:46.76,52.31 2 1
oops/main/internal/analytics3.go:52.31,55.3 2 1
oops/main/internal/analytics3.go:56.2,56.15 1 1
oops/main/internal/analytics3.go:59.100,61.16 2 1
oops/main/internal/analytics3.go:61.16,63.3 1 0
oops/main/internal/analytics3.go:64.2,64.43 1 1
oops/main/internal/analytics3.go:67.66,78.16 4 1
oops/main/internal/analytics3.go:78.16,80.3 1 0
oops/main/internal/analytics3.go:81.2,81.59 1 1
oops/main/internal/analytics3.go:81.59,83.3 1 0
oops/main/internal/analytics3.go:86.2,93.39 4 1
oops/main/internal/analytics3.go:93.39,94.32 1 1
oops/main/internal/analytics3.go:94.32,95.53 1 1
oops/main/internal/analytics3.go:95.53,100.5 1 1
oops/main/internal/analytics3.go:101.4,101.68 1 1
oops/main/internal/analytics3.go:106.2,107.33 2 1
oops/main/internal/analytics3.go:107.33,109.3 1 1
oops/main/internal/analytics3.go:110.2,133.33 14 1
oops/main/internal/analytics3.go:133.33,135.37 2 1
oops/main/internal/analytics3.go:135.37,137.4 1 1
oops/main/internal/analytics3.go:138.3,139.17 2 1
oops/main/internal/analytics3.go:139.17,141.4 1 0
oops/main/internal/analytics3.go:142.3,146.21 5 1
oops/main/internal/analytics3.go:150.2,158.50 6 1
oops/main/internal/analytics3.go:161.83,172.16 4 1
oops/main/internal/analytics3.go:172.16,174.3 1 0
oops/main/internal/analytics3.go:175.2,175.54 1 1
oops/main/internal/analytics3.go:175.54,177.3 1 0
oops/main/internal/analytics3.go:180.2,185.31 3 1
oops/main/internal/analytics3.go:185.31,190.3 4 1
oops/main/internal/analytics3.go:193.2,194.26 2 1
oops/main/internal/analytics3.go:194.26,196.3 1 1
oops/main/internal/analytics3.go:197.2,203.33 5 1
oops/main/internal/analytics3.go:203.33,212.3 5 1
oops/main/internal/analytics3.go:215.2,221.16 6 1
oops/main/internal/analytics3.go:221.16,223.3 1 0
oops/main/internal/analytics3.go:224.2,238.27 11 1
oops/main/internal/analytics3.go:238.27,241.3 2 1
oops/main/internal/analytics3.go:242.2,243.16 2 1
oops/main/internal/analytics3.go:243.16,245.3 1 0
oops/main/internal/analytics3.go:246.2,260.67 12 1
oops/main/internal/analytics3.go:260.67,262.3 1 0
oops/main/internal/analytics3.go:265.2,266.16 2 1
oops/main/internal/analytics3.go:266.16,268.3 1 0
oops/main/internal/analytics3.go:269.2,269.50 1 1
oops/main/internal/applicant.go:14.61,16.2 1 0
oops/main/internal/applicant.go:18.91,21.39 3 0
oops/main/internal/applicant.go:21.39,22.37 1 0
oops/main/internal/applicant.go:22.37,23.64 1 0
oops/main/internal/applicant.go:23.64,26.5 2 0
oops/main/internal/applicant.go:29.2,29.21 1 0
oops/main/internal/applicant.go:32.50,34.21 2 0
oops/main/internal/applicant.go:34.21,36.3 1 0
oops/main/internal/applicant.go:36.8,38.3 1 0
oops/main/internal/applicant.go:41.49,43.2 1 0
oops/main/internal/applicant.go:45.55,47.2 1 0
oops/main/internal/applicant.go:49.58,51.2 1 0
oops/main/internal/applicant.go:53.74,56.38 2 0
oops/main/internal/applicant.go:56.38,57.47 1 0
oops/main/internal/applicant.go:57.47,58.41 1 0
oops/main/internal/applicant.go:58.41,59.42 1 0
oops/main/internal/applicant.go:59.42,60.33 1 0
oops/main/internal/applicant.go:60.33,62.7 1 0
oops/main/internal/applicant.go:67.2,68.31 2 0
oops/main/internal/applicant.go:68.31,70.3 1 0
oops/main/internal/applicant.go:71.2,71.18 1 0
oops/main/internal/applicant.go:74.82,76.2 1 0
oops/main/internal/application.go:20.34,22.2 1 0
oops/main/internal/application.go:24.52,26.2 1 0
oops/main/internal/company.go:9.28,11.2 1 0
oops/main/internal/company.go:13.33,15.2 1 0
oops/main/internal/company.go:17.37,19.2 1 0
oops/main/internal/company.go:21.42,23.2 1 0
oops/main/internal/course.go:8.44,10.2 1 0
oops/main/internal/courseResult.go:12.139,21.2 1 0
oops/main/internal/drive.go:26.39,28.2 1 0
oops/main/internal/drive.go:45.54,47.2 1 0
oops/main/internal/drive.go:49.133,51.2 1 0
oops/main/internal/drive.go:54.46,56.2 1 0
oops/main/internal/drive.go:58.58,60.2 1 0
oops/main/internal/drive.go:63.26,65.2 1 0
oops/main/internal/drive.go:67.39,69.2 1 0
oops/main/internal/drive.go:71.37,73.2 1 0
oops/main/internal/drive.go:75.35,77.2 1 0
oops/main/internal/drive.go:79.44,81.2 1 0
oops/main/internal/drive.go:83.27,85.2 1 0
oops/main/internal/drive.go:87.43,89.2 1 0
oops/main/internal/drive.go:91.47,93.2 1 0
oops/main/internal/drive.go:96.52,98.2 1 0
oops/main/internal/drive.go:100.48,102.2 1 0
oops/main/internal/drive.go:104.47,106.2 1 0
oops/main/internal/drive.go:108.53,110.2 1 0
oops/main/internal/drive.go:112.34,114.2 1 0
oops/main/internal/drive.go:116.53,118.2 1 0
oops/main/internal/drive.go:120.62,122.2 1 0
oops/main/internal/drive.go:125.49,126.36 1 0
oops/main/internal/drive.go:126.36,127.34 1 0
oops/main/internal/drive.go:127.34,129.4 1 0
oops/main/internal/drive.go:131.2,131.14 1 0
oops/main/internal/drive.go:134.67,135.36 1 0
oops/main/internal/drive.go:135.36,136.19 1 0
oops/main/internal/drive.go:136.19,138.4 1 0
oops/main/internal/drive.go:140.2,140.60 1 0
oops/main/internal/drive.go:143.58,145.39 2 0
oops/main/internal/drive.go:145.39,146.31 1 0
oops/main/internal/drive.go:146.31,148.4 1 0
oops/main/internal/drive.go:150.2,150.12 1 0
oops/main/internal/drive.go:153.61,155.39 2 0
oops/main/internal/drive.go:155.39,156.35 1 0
oops/main/internal/drive.go:156.35,158.4 1 0
oops/main/internal/drive.go:160.2,160.12 1 0
oops/main/internal/drive.go:164.68,165.37 1 0
oops/main/internal/drive.go:165.37,167.3 1 0
oops/main/internal/drive.go:167.8,169.3 1 0
oops/main/internal/enroll.go:14.78,16.2 1 0
oops/main/internal/enroll.go:18.37,21.2 2 0
oops/main/internal/gpa.go:18.40,20.2 1 1
oops/main/internal/gpa.go:22.78,23.25 1 0
oops/main/internal/gpa.go:23.25,25.3 1 0
oops/main/internal/gpa.go:27.2,28.37 2 0
oops/main/internal/gpa.go:28.37,30.3 1 0
oops/main/internal/gpa.go:31.2,31.40 1 0
oops/main/internal/gpa.go:34.69,35.23 1 1
oops/main/internal/gpa.go:35.23,37.3 1 0
oops/main/internal/gpa.go:37.8,37.29 1 1
oops/main/internal/gpa.go:37.29,39.3 1 0
oops/main/internal/gpa.go:40.2,40.17 1 1
oops/main/internal/grader.go:12.61,14.2 1 1
oops/main/internal/grader.go:20.61,21.27 1 1
oops/main/internal/grader.go:21.27,23.3 1 1
oops/main/internal/grader.go:23.8,25.3 1 1
oops/main/internal/idGenerator.go:3.25,5.19 2 1
oops/main/internal/idGenerator.go:5.19,8.3 2 0
oops/main/internal/registrar.go:16.43,18.2 1 0
oops/main/internal/registrar.go:20.41,22.2 1 0
oops/main/internal/registrar.go:24.42,26.2 1 0
oops/main/internal/registrar.go:29.54,30.34 1 0
oops/main/internal/registrar.go:30.34,31.30 1 0
oops/main/internal/registrar.go:31.30,33.4 1 0
oops/main/internal/registrar.go:37.48,39.2 1 0
oops/main/internal/registrar.go:53.39,56.16 3 0
oops/main/internal/registrar.go:56.16,58.3 1 0
oops/main/internal/registrar.go:59.2,60.16 2 0
oops/main/internal/registrar.go:60.16,62.3 1 0
oops/main/internal/registrar.go:63.2,63.37 1 0
oops/main/internal/registrar.go:63.37,65.3 1 0
oops/main/internal/registrar.go:69.36,72.19 3 0
oops/main/internal/registrar.go:72.19,74.6 1 0
oops/main/internal/registrar.go:76.5,77.19 2 0
oops/main/internal/registrar.go:77.19,79.6 1 0
oops/main/internal/registrar.go:80.5,81.33 2 0
oops/main/internal/registrar.go:81.33,84.6 2 0
oops/main/internal/registrar.go:87.39,88.32 1 0
oops/main/internal/registrar.go:88.32,90.3 1 0
oops/main/internal/registrar.go:93.38,94.31 1 0
oops/main/internal/registrar.go:94.31,96.3 1 0
oops/main/internal/semesterResult.go:31.42,33.2 1 1
oops/main/internal/semesterResult.go:42.65,48.2 1 1
oops/main/internal/semesterResult.go:50.54,51.22 1 0
oops/main/internal/semesterResult.go:51.22,53.3 1 0
oops/main/internal/semesterResult.go:54.2,54.55 1 0
oops/main/internal/semesterResult.go:57.64,60.2 2 1
oops/main/internal/semesterResult.go:62.43,65.36 2 1
oops/main/internal/semesterResult.go:65.36,69.3 3 1
oops/main/internal/semesterResult.go:71.2,71.22 1 1
oops/main/internal/semesterResult.go:71.22,73.3 1 1
oops/main/internal/semesterResult.go:76.73,87.2 2 1
oops/main/internal/semesterResult.go:88.60,91.56 2 1
oops/main/internal/semesterResult.go:91.56,93.3 1 0
oops/main/internal/semesterResult.go:95.2,95.18 1 1
oops/main/internal/semesterResult.go:96.11,97.9 1 0
oops/main/internal/semesterResult.go:98.12,99.13 1 1
oops/main/internal/semesterResult.go:100.11,101.9 1 1
oops/main/internal/semesterResult.go:102.12,103.13 1 1
oops/main/internal/semesterResult.go:104.11,105.9 1 0
oops/main/internal/semesterResult.go:106.11,107.9 1 1
oops/main/internal/semesterResult.go:108.11,109.9 1 1
oops/main/internal/semesterResult.go:110.10,111.58 1 0
oops/main/internal/semesterResult.go:114.2,114.12 1 1
oops/main/internal/student.go:12.46,13.13 1 1
oops/main/internal/student.go:13.13,14.39 1 0
oops/main/internal/student.go:16.2,16.36 1 1
oops/main/internal/student.go:19.32,19.49 1 0
oops/main/internal/student.go:20.32,20.47 1 0
oops/main/internal/student.go:22.28,24.2 1 0
