mode: set
oops/main/internal/academicRecord.go:10.55,15.2 1 0
oops/main/internal/academicRecord.go:17.78,18.35 1 0
oops/main/internal/academicRecord.go:18.35,20.3 1 0
oops/main/internal/academicRecord.go:21.2,22.20 2 0
oops/main/internal/academicRecord.go:25.43,27.41 2 0
oops/main/internal/academicRecord.go:27.41,28.50 1 0
oops/main/internal/academicRecord.go:28.50,33.4 4 0
oops/main/internal/academicRecord.go:35.2,35.22 1 0
oops/main/internal/academicRecord.go:35.22,37.3 1 0
oops/main/internal/attendence.go:12.75,13.31 1 1
oops/main/internal/attendence.go:13.31,15.3 1 0
oops/main/internal/attendence.go:16.2,16.36 1 1
oops/main/internal/attendence.go:22.120,23.29 1 1
oops/main/internal/attendence.go:23.29,24.92 1 1
oops/main/internal/attendence.go:24.92,28.4 2 1
oops/main/internal/attendence.go:30.2,30.14 1 1
oops/main/internal/attendence.go:35.110,36.29 1 1
oops/main/internal/attendence.go:36.29,37.92 1 1
oops/main/internal/attendence.go:37.92,39.4 1 1
oops/main/internal/attendence.go:41.2,41.19 1 1
oops/main/internal/course.go:13.58,15.2 1 1
oops/main/internal/course.go:17.44,19.2 1 1
oops/main/internal/courseResult.go:12.139,21.2 1 0
oops/main/internal/enroll.go:27.72,29.2 1 1
oops/main/internal/enroll.go:32.78,34.2 1 1
oops/main/internal/enroll.go:38.105,39.32 1 1
oops/main/internal/enroll.go:39.32,40.64 1 1
oops/main/internal/enroll.go:40.64,42.4 1 1
oops/main/internal/enroll.go:44.2,44.27 1 1
oops/main/internal/enroll.go:47.37,50.2 2 0
oops/main/internal/gpa.go:18.40,20.2 1 0
oops/main/internal/gpa.go:22.78,23.25 1 0
oops/main/internal/gpa.go:23.25,25.3 1 0
oops/main/internal/gpa.go:27.2,28.37 2 0
oops/main/internal/gpa.go:28.37,30.3 1 0
oops/main/internal/gpa.go:31.2,31.40 1 0
oops/main/internal/gpa.go:34.69,35.23 1 0
oops/main/internal/gpa.go:35.23,37.3 1 0
oops/main/internal/gpa.go:37.8,37.29 1 0
oops/main/internal/gpa.go:37.29,39.3 1 0
oops/main/internal/gpa.go:40.2,40.17 1 0
oops/main/internal/grader.go:12.61,14.2 1 1
oops/main/internal/grader.go:20.61,21.27 1 1
oops/main/internal/grader.go:21.27,23.3 1 1
oops/main/internal/grader.go:23.8,25.3 1 1
oops/main/internal/registrar.go:25.46,27.2 1 1
oops/main/internal/registrar.go:30.67,32.2 1 1
oops/main/internal/registrar.go:35.43,37.2 1 1
oops/main/internal/registrar.go:40.41,42.2 1 1
oops/main/internal/registrar.go:45.42,47.2 1 1
oops/main/internal/registrar.go:50.50,52.2 1 1
oops/main/internal/registrar.go:54.55,55.34 1 0
oops/main/internal/registrar.go:55.34,56.30 1 0
oops/main/internal/registrar.go:56.30,58.4 1 0
oops/main/internal/registrar.go:62.48,64.2 1 0
oops/main/internal/registrar.go:77.39,80.16 3 1
oops/main/internal/registrar.go:80.16,82.3 1 0
oops/main/internal/registrar.go:83.2,84.16 2 1
oops/main/internal/registrar.go:84.16,86.3 1 0
oops/main/internal/registrar.go:87.2,87.37 1 1
oops/main/internal/registrar.go:87.37,89.3 1 1
oops/main/internal/registrar.go:92.36,95.16 3 1
oops/main/internal/registrar.go:95.16,97.3 1 0
oops/main/internal/registrar.go:99.2,100.16 2 1
oops/main/internal/registrar.go:100.16,102.3 1 0
oops/main/internal/registrar.go:103.2,104.30 2 1
oops/main/internal/registrar.go:104.30,107.3 2 1
oops/main/internal/registrar.go:110.39,111.32 1 1
oops/main/internal/registrar.go:111.32,113.3 1 1
oops/main/internal/registrar.go:116.38,117.31 1 1
oops/main/internal/registrar.go:117.31,119.3 1 1
oops/main/internal/semesterResult.go:27.42,29.2 1 0
oops/main/internal/semesterResult.go:38.65,44.2 1 0
oops/main/internal/semesterResult.go:46.54,47.22 1 0
oops/main/internal/semesterResult.go:47.22,49.3 1 0
oops/main/internal/semesterResult.go:50.2,50.55 1 0
oops/main/internal/semesterResult.go:53.64,56.2 2 0
oops/main/internal/semesterResult.go:58.43,61.36 2 0
oops/main/internal/semesterResult.go:61.36,65.3 3 0
oops/main/internal/semesterResult.go:67.2,67.22 1 0
oops/main/internal/semesterResult.go:67.22,69.3 1 0
oops/main/internal/semesterResult.go:72.73,83.2 2 0
oops/main/internal/student.go:12.46,13.13 1 1
oops/main/internal/student.go:13.13,14.39 1 1
oops/main/internal/student.go:16.2,16.36 1 1
oops/main/internal/student.go:19.32,19.49 1 1
oops/main/internal/student.go:20.32,20.47 1 1
oops/main/internal/student.go:22.28,24.2 1 0
oops/main/internal/teacher.go:8.27,8.42 1 1
